This file contains any messages produced by compilers while
running configure, to aid debugging if configure makes a mistake.

It was created by ZLEControlSoftware configure 1.0.0, which was
generated by GNU Autoconf 2.67.  Invocation command line was

  $ ./configure 

## --------- ##
## Platform. ##
## --------- ##

hostname = lab218c.fe.infn.it
uname -m = x86_64
uname -r = 4.2.3-300.fc23.x86_64
uname -s = Linux
uname -v = #1 SMP Mon Oct 5 15:42:54 UTC 2015

/usr/bin/uname -p = x86_64
/bin/uname -X     = unknown

/bin/arch              = x86_64
/usr/bin/arch -k       = unknown
/usr/convex/getsysinfo = unknown
/usr/bin/hostinfo      = unknown
/bin/machine           = unknown
/usr/bin/oslevel       = unknown
/bin/universe          = unknown

PATH: /usr/local/bin
PATH: /usr/local/sbin
PATH: /usr/bin
PATH: /usr/sbin
PATH: /home/mirco/.local/bin
PATH: /home/mirco/bin


## ----------- ##
## Core tests. ##
## ----------- ##

configure:2155: checking for a BSD-compatible install
configure:2223: result: /usr/bin/install -c
configure:2234: checking whether build environment is sane
configure:2284: result: yes
configure:2425: checking for a thread-safe mkdir -p
configure:2464: result: /usr/bin/mkdir -p
configure:2477: checking for gawk
configure:2493: found /usr/bin/gawk
configure:2504: result: gawk
configure:2515: checking whether make sets $(MAKE)
configure:2537: result: yes
configure:2669: checking for gcc
configure:2685: found /usr/bin/gcc
configure:2696: result: gcc
configure:2925: checking for C compiler version
configure:2934: gcc --version >&5
gcc (GCC) 5.3.1 20151207 (Red Hat 5.3.1-2)
Copyright (C) 2015 Free Software Foundation, Inc.
This is free software; see the source for copying conditions.  There is NO
warranty; not even for MERCHANTABILITY or FITNESS FOR A PARTICULAR PURPOSE.

configure:2945: $? = 0
configure:2934: gcc -v >&5
Using built-in specs.
COLLECT_GCC=gcc
COLLECT_LTO_WRAPPER=/usr/libexec/gcc/x86_64-redhat-linux/5.3.1/lto-wrapper
Target: x86_64-redhat-linux
Configured with: ../configure --enable-bootstrap --enable-languages=c,c++,objc,obj-c++,fortran,ada,go,lto --prefix=/usr --mandir=/usr/share/man --infodir=/usr/share/info --with-bugurl=http://bugzilla.redhat.com/bugzilla --enable-shared --enable-threads=posix --enable-checking=release --enable-multilib --with-system-zlib --enable-__cxa_atexit --disable-libunwind-exceptions --enable-gnu-unique-object --enable-linker-build-id --with-linker-hash-style=gnu --enable-plugin --enable-initfini-array --disable-libgcj --with-isl --enable-libmpx --enable-gnu-indirect-function --with-tune=generic --with-arch_32=i686 --build=x86_64-redhat-linux
Thread model: posix
gcc version 5.3.1 20151207 (Red Hat 5.3.1-2) (GCC) 
configure:2945: $? = 0
configure:2934: gcc -V >&5
gcc: error: unrecognized command line option '-V'
gcc: fatal error: no input files
compilation terminated.
configure:2945: $? = 1
configure:2934: gcc -qversion >&5
gcc: error: unrecognized command line option '-qversion'
gcc: fatal error: no input files
compilation terminated.
configure:2945: $? = 1
configure:2965: checking whether the C compiler works
configure:2987: gcc    conftest.c  >&5
configure:2991: $? = 0
configure:3039: result: yes
configure:3042: checking for C compiler default output file name
configure:3044: result: a.out
configure:3050: checking for suffix of executables
configure:3057: gcc -o conftest    conftest.c  >&5
configure:3061: $? = 0
configure:3083: result: 
configure:3105: checking whether we are cross compiling
configure:3113: gcc -o conftest    conftest.c  >&5
configure:3117: $? = 0
configure:3124: ./conftest
configure:3128: $? = 0
configure:3143: result: no
configure:3148: checking for suffix of object files
configure:3170: gcc -c   conftest.c >&5
configure:3174: $? = 0
configure:3195: result: o
configure:3199: checking whether we are using the GNU C compiler
configure:3218: gcc -c   conftest.c >&5
configure:3218: $? = 0
configure:3227: result: yes
configure:3236: checking whether gcc accepts -g
configure:3256: gcc -c -g  conftest.c >&5
configure:3256: $? = 0
configure:3297: result: yes
configure:3314: checking for gcc option to accept ISO C89
configure:3378: gcc  -c -g -O2  conftest.c >&5
configure:3378: $? = 0
configure:3391: result: none needed
configure:3422: checking for style of include used by make
configure:3450: result: GNU
configure:3475: checking dependency style of gcc
configure:3585: result: gcc3
configure:3612: checking how to run the C preprocessor
configure:3643: gcc -E  conftest.c
configure:3643: $? = 0
configure:3657: gcc -E  conftest.c
conftest.c:12:28: fatal error: ac_nonexistent.h: No such file or directory
compilation terminated.
configure:3657: $? = 1
configure: failed program was:
| /* confdefs.h */
| #define PACKAGE_NAME "ZLEControlSoftware"
| #define PACKAGE_TARNAME "zlecontrolsoftware"
| #define PACKAGE_VERSION "1.0.0"
| #define PACKAGE_STRING "ZLEControlSoftware 1.0.0"
| #define PACKAGE_BUGREPORT "support.computing@caen.it"
| #define PACKAGE_URL ""
| #define PACKAGE "ZLEControlSoftware"
| #define VERSION "1.0.0"
| #define LINUX 1
| /* end confdefs.h.  */
| #include <ac_nonexistent.h>
configure:3682: result: gcc -E
configure:3702: gcc -E  conftest.c
configure:3702: $? = 0
configure:3716: gcc -E  conftest.c
conftest.c:12:28: fatal error: ac_nonexistent.h: No such file or directory
compilation terminated.
configure:3716: $? = 1
configure: failed program was:
| /* confdefs.h */
| #define PACKAGE_NAME "ZLEControlSoftware"
| #define PACKAGE_TARNAME "zlecontrolsoftware"
| #define PACKAGE_VERSION "1.0.0"
| #define PACKAGE_STRING "ZLEControlSoftware 1.0.0"
| #define PACKAGE_BUGREPORT "support.computing@caen.it"
| #define PACKAGE_URL ""
| #define PACKAGE "ZLEControlSoftware"
| #define VERSION "1.0.0"
| #define LINUX 1
| /* end confdefs.h.  */
| #include <ac_nonexistent.h>
configure:3745: checking for grep that handles long lines and -e
configure:3803: result: /usr/bin/grep
configure:3808: checking for egrep
configure:3870: result: /usr/bin/grep -E
configure:3875: checking for ANSI C header files
configure:3895: gcc -c -g -O2  conftest.c >&5
configure:3895: $? = 0
configure:3968: gcc -o conftest -g -O2   conftest.c  >&5
configure:3968: $? = 0
configure:3968: ./conftest
configure:3968: $? = 0
configure:3979: result: yes
configure:3992: checking for sys/types.h
configure:3992: gcc -c -g -O2  conftest.c >&5
configure:3992: $? = 0
configure:3992: result: yes
configure:3992: checking for sys/stat.h
configure:3992: gcc -c -g -O2  conftest.c >&5
configure:3992: $? = 0
configure:3992: result: yes
configure:3992: checking for stdlib.h
configure:3992: gcc -c -g -O2  conftest.c >&5
configure:3992: $? = 0
configure:3992: result: yes
configure:3992: checking for string.h
configure:3992: gcc -c -g -O2  conftest.c >&5
configure:3992: $? = 0
configure:3992: result: yes
configure:3992: checking for memory.h
configure:3992: gcc -c -g -O2  conftest.c >&5
configure:3992: $? = 0
configure:3992: result: yes
configure:3992: checking for strings.h
configure:3992: gcc -c -g -O2  conftest.c >&5
configure:3992: $? = 0
configure:3992: result: yes
configure:3992: checking for inttypes.h
configure:3992: gcc -c -g -O2  conftest.c >&5
configure:3992: $? = 0
configure:3992: result: yes
configure:3992: checking for stdint.h
configure:3992: gcc -c -g -O2  conftest.c >&5
configure:3992: $? = 0
configure:3992: result: yes
configure:3992: checking for unistd.h
configure:3992: gcc -c -g -O2  conftest.c >&5
configure:3992: $? = 0
configure:3992: result: yes
configure:4004: checking CAENDigitizer.h usability
configure:4004: gcc -c -g -O2  conftest.c >&5
configure:4004: $? = 0
configure:4004: result: yes
configure:4004: checking CAENDigitizer.h presence
configure:4004: gcc -E  conftest.c
configure:4004: $? = 0
configure:4004: result: yes
configure:4004: checking for CAENDigitizer.h
configure:4004: result: yes
configure:4012: checking CAENDigitizerType.h usability
configure:4012: gcc -c -g -O2  conftest.c >&5
configure:4012: $? = 0
configure:4012: result: yes
configure:4012: checking CAENDigitizerType.h presence
configure:4012: gcc -E  conftest.c
configure:4012: $? = 0
configure:4012: result: yes
configure:4012: checking for CAENDigitizerType.h
configure:4012: result: yes
configure:4020: checking for CAEN_DGTZ_GetCorrectionTables in -lCAENDigitizer
configure:4045: gcc -o conftest -g -O2   conftest.c -lCAENDigitizer   >&5
configure:4045: $? = 0
configure:4054: result: yes
configure:4068: checking for gnuplot
configure:4084: found /usr/bin/gnuplot
configure:4096: result: ok
configure:4115: WARNING: 
configure:4118: checking for ANSI C header files
configure:4222: result: yes
configure:4233: checking malloc.h usability
configure:4233: gcc -c -g -O2  conftest.c >&5
configure:4233: $? = 0
configure:4233: result: yes
configure:4233: checking malloc.h presence
configure:4233: gcc -E  conftest.c
configure:4233: $? = 0
configure:4233: result: yes
configure:4233: checking for malloc.h
configure:4233: result: yes
configure:4233: checking for stdint.h
configure:4233: result: yes
configure:4233: checking for stdlib.h
configure:4233: result: yes
configure:4233: checking for string.h
configure:4233: result: yes
configure:4233: checking sys/time.h usability
configure:4233: gcc -c -g -O2  conftest.c >&5
configure:4233: $? = 0
configure:4233: result: yes
configure:4233: checking sys/time.h presence
configure:4233: gcc -E  conftest.c
configure:4233: $? = 0
configure:4233: result: yes
configure:4233: checking for sys/time.h
configure:4233: result: yes
configure:4233: checking sys/timeb.h usability
configure:4233: gcc -c -g -O2  conftest.c >&5
configure:4233: $? = 0
configure:4233: result: yes
configure:4233: checking sys/timeb.h presence
configure:4233: gcc -E  conftest.c
configure:4233: $? = 0
configure:4233: result: yes
configure:4233: checking for sys/timeb.h
configure:4233: result: yes
configure:4233: checking termios.h usability
configure:4233: gcc -c -g -O2  conftest.c >&5
configure:4233: $? = 0
configure:4233: result: yes
configure:4233: checking termios.h presence
configure:4233: gcc -E  conftest.c
configure:4233: $? = 0
configure:4233: result: yes
configure:4233: checking for termios.h
configure:4233: result: yes
configure:4233: checking for unistd.h
configure:4233: result: yes
configure:4245: checking for an ANSI C-conforming const
configure:4310: gcc -c -g -O2  conftest.c >&5
configure:4310: $? = 0
configure:4317: result: yes
configure:4325: checking whether time.h and sys/time.h may both be included
configure:4345: gcc -c -g -O2  conftest.c >&5
configure:4345: $? = 0
configure:4352: result: yes
configure:4364: checking for stdlib.h
configure:4364: result: yes
configure:4374: checking for GNU libc compatible malloc
configure:4398: gcc -o conftest -g -O2   conftest.c  >&5
configure:4398: $? = 0
configure:4398: ./conftest
configure:4398: $? = 0
configure:4408: result: yes
configure:4432: checking sys/select.h usability
configure:4432: gcc -c -g -O2  conftest.c >&5
configure:4432: $? = 0
configure:4432: result: yes
configure:4432: checking sys/select.h presence
configure:4432: gcc -E  conftest.c
configure:4432: $? = 0
configure:4432: result: yes
configure:4432: checking for sys/select.h
configure:4432: result: yes
configure:4432: checking sys/socket.h usability
configure:4432: gcc -c -g -O2  conftest.c >&5
configure:4432: $? = 0
configure:4432: result: yes
configure:4432: checking sys/socket.h presence
configure:4432: gcc -E  conftest.c
configure:4432: $? = 0
configure:4432: result: yes
configure:4432: checking for sys/socket.h
configure:4432: result: yes
configure:4442: checking types of arguments for select
configure:4470: gcc -c -g -O2  conftest.c >&5
configure:4470: $? = 0
configure:4481: result: int,fd_set *,struct timeval *
configure:4507: checking for atexit
configure:4507: gcc -o conftest -g -O2   conftest.c  >&5
configure:4507: $? = 0
configure:4507: result: yes
configure:4507: checking for gettimeofday
configure:4507: gcc -o conftest -g -O2   conftest.c  >&5
configure:4507: $? = 0
configure:4507: result: yes
configure:4507: checking for memset
configure:4507: gcc -o conftest -g -O2   conftest.c  >&5
conftest.c:64:6: warning: conflicting types for built-in function 'memset'
 char memset ();
      ^
configure:4507: $? = 0
configure:4507: result: yes
configure:4507: checking for pow
configure:4507: gcc -o conftest -g -O2   conftest.c  >&5
conftest.c:65:6: warning: conflicting types for built-in function 'pow'
 char pow ();
      ^
/tmp/cc5Ow9I6.o: In function `main':
/home/mirco/ObjectDumpDPP/CAEN/ZLEControlSoftware-1.0.0/conftest.c:76: undefined reference to `pow'
collect2: error: ld returned 1 exit status
configure:4507: $? = 1
configure: failed program was:
| /* confdefs.h */
| #define PACKAGE_NAME "ZLEControlSoftware"
| #define PACKAGE_TARNAME "zlecontrolsoftware"
| #define PACKAGE_VERSION "1.0.0"
| #define PACKAGE_STRING "ZLEControlSoftware 1.0.0"
| #define PACKAGE_BUGREPORT "support.computing@caen.it"
| #define PACKAGE_URL ""
| #define PACKAGE "ZLEControlSoftware"
| #define VERSION "1.0.0"
| #define LINUX 1
| #define STDC_HEADERS 1
| #define HAVE_SYS_TYPES_H 1
| #define HAVE_SYS_STAT_H 1
| #define HAVE_STDLIB_H 1
| #define HAVE_STRING_H 1
| #define HAVE_MEMORY_H 1
| #define HAVE_STRINGS_H 1
| #define HAVE_INTTYPES_H 1
| #define HAVE_STDINT_H 1
| #define HAVE_UNISTD_H 1
| #define STDC_HEADERS 1
| #define HAVE_MALLOC_H 1
| #define HAVE_STDINT_H 1
| #define HAVE_STDLIB_H 1
| #define HAVE_STRING_H 1
| #define HAVE_SYS_TIME_H 1
| #define HAVE_SYS_TIMEB_H 1
| #define HAVE_TERMIOS_H 1
| #define HAVE_UNISTD_H 1
| #define TIME_WITH_SYS_TIME 1
| #define HAVE_STDLIB_H 1
| #define HAVE_MALLOC 1
| #define HAVE_SYS_SELECT_H 1
| #define HAVE_SYS_SOCKET_H 1
| #define SELECT_TYPE_ARG1 int
| #define SELECT_TYPE_ARG234 (fd_set *)
| #define SELECT_TYPE_ARG5 (struct timeval *)
| #define HAVE_ATEXIT 1
| #define HAVE_GETTIMEOFDAY 1
| #define HAVE_MEMSET 1
| /* end confdefs.h.  */
| /* Define pow to an innocuous variant, in case <limits.h> declares pow.
|    For example, HP-UX 11i <limits.h> declares gettimeofday.  */
| #define pow innocuous_pow
| 
| /* System header to define __stub macros and hopefully few prototypes,
|     which can conflict with char pow (); below.
|     Prefer <limits.h> to <assert.h> if __STDC__ is defined, since
|     <limits.h> exists even on freestanding compilers.  */
| 
| #ifdef __STDC__
| # include <limits.h>
| #else
| # include <assert.h>
| #endif
| 
| #undef pow
| 
| /* Override any GCC internal prototype to avoid an error.
|    Use char because int might match the return type of a GCC
|    builtin and then its argument prototype would still apply.  */
| #ifdef __cplusplus
| extern "C"
| #endif
| char pow ();
| /* The GNU C library defines this for functions which it implements
|     to always fail with ENOSYS.  Some functions are actually named
|     something starting with __ and the normal name is an alias.  */
| #if defined __stub_pow || defined __stub___pow
| choke me
| #endif
| 
| int
| main ()
| {
| return pow ();
|   ;
|   return 0;
| }
configure:4507: result: no
configure:4507: checking for select
configure:4507: gcc -o conftest -g -O2   conftest.c  >&5
configure:4507: $? = 0
configure:4507: result: yes
configure:4507: checking for strstr
configure:4507: gcc -o conftest -g -O2   conftest.c  >&5
conftest.c:66:6: warning: conflicting types for built-in function 'strstr'
 char strstr ();
      ^
configure:4507: $? = 0
configure:4507: result: yes
configure:4520: checking for gnuplot
configure:4536: found /usr/bin/gnuplot
configure:4548: result: yes
configure:4714: creating ./config.status

## ---------------------- ##
## Running config.status. ##
## ---------------------- ##

This file was extended by ZLEControlSoftware config.status 1.0.0, which was
generated by GNU Autoconf 2.67.  Invocation command line was

  CONFIG_FILES    = 
  CONFIG_HEADERS  = 
  CONFIG_LINKS    = 
  CONFIG_COMMANDS = 
  $ ./config.status 

on lab218c.fe.infn.it

config.status:787: creating Makefile
config.status:787: creating src/Makefile
config.status:958: executing depfiles commands

## ---------------- ##
## Cache variables. ##
## ---------------- ##

ac_cv_c_compiler_gnu=yes
ac_cv_c_const=yes
ac_cv_env_CC_set=
ac_cv_env_CC_value=
ac_cv_env_CFLAGS_set=
ac_cv_env_CFLAGS_value=
ac_cv_env_CPPFLAGS_set=
ac_cv_env_CPPFLAGS_value=
ac_cv_env_CPP_set=
ac_cv_env_CPP_value=
ac_cv_env_LDFLAGS_set=
ac_cv_env_LDFLAGS_value=
ac_cv_env_LIBS_set=
ac_cv_env_LIBS_value=
ac_cv_env_build_alias_set=
ac_cv_env_build_alias_value=
ac_cv_env_host_alias_set=
ac_cv_env_host_alias_value=
ac_cv_env_target_alias_set=
ac_cv_env_target_alias_value=
ac_cv_func_atexit=yes
ac_cv_func_gettimeofday=yes
ac_cv_func_malloc_0_nonnull=yes
ac_cv_func_memset=yes
ac_cv_func_pow=no
ac_cv_func_select=yes
ac_cv_func_select_args='int,fd_set *,struct timeval *'
ac_cv_func_strstr=yes
ac_cv_header_CAENDigitizerType_h=yes
ac_cv_header_CAENDigitizer_h=yes
ac_cv_header_inttypes_h=yes
ac_cv_header_malloc_h=yes
ac_cv_header_memory_h=yes
ac_cv_header_stdc=yes
ac_cv_header_stdint_h=yes
ac_cv_header_stdlib_h=yes
ac_cv_header_string_h=yes
ac_cv_header_strings_h=yes
ac_cv_header_sys_select_h=yes
ac_cv_header_sys_socket_h=yes
ac_cv_header_sys_stat_h=yes
ac_cv_header_sys_time_h=yes
ac_cv_header_sys_timeb_h=yes
ac_cv_header_sys_types_h=yes
ac_cv_header_termios_h=yes
ac_cv_header_time=yes
ac_cv_header_unistd_h=yes
ac_cv_lib_CAENDigitizer_CAEN_DGTZ_GetCorrectionTables=yes
ac_cv_objext=o
ac_cv_path_EGREP='/usr/bin/grep -E'
ac_cv_path_GREP=/usr/bin/grep
ac_cv_path_install='/usr/bin/install -c'
ac_cv_path_mkdir=/usr/bin/mkdir
ac_cv_prog_AWK=gawk
ac_cv_prog_CPP='gcc -E'
ac_cv_prog_GNUPLOT=ok
ac_cv_prog_HAVE_GNUPLOT=yes
ac_cv_prog_ac_ct_CC=gcc
ac_cv_prog_cc_c89=
ac_cv_prog_cc_g=yes
ac_cv_prog_make_make_set=yes
am_cv_CC_dependencies_compiler_type=gcc3

## ----------------- ##
## Output variables. ##
## ----------------- ##

ACLOCAL='${SHELL} /home/mirco/ObjectDumpDPP/CAEN/ZLEControlSoftware-1.0.0/src/missing --run aclocal-1.11'
AMDEPBACKSLASH='\'
AMDEP_FALSE='#'
AMDEP_TRUE=''
AMTAR='${SHELL} /home/mirco/ObjectDumpDPP/CAEN/ZLEControlSoftware-1.0.0/src/missing --run tar'
AUTOCONF='${SHELL} /home/mirco/ObjectDumpDPP/CAEN/ZLEControlSoftware-1.0.0/src/missing --run autoconf'
AUTOHEADER='${SHELL} /home/mirco/ObjectDumpDPP/CAEN/ZLEControlSoftware-1.0.0/src/missing --run autoheader'
AUTOMAKE='${SHELL} /home/mirco/ObjectDumpDPP/CAEN/ZLEControlSoftware-1.0.0/src/missing --run automake-1.11'
AWK='gawk'
CC='gcc'
CCDEPMODE='depmode=gcc3'
CFLAGS='-g -O2'
CPP='gcc -E'
CPPFLAGS=''
CYGPATH_W='echo'
DEFS='-DPACKAGE_NAME=\"ZLEControlSoftware\" -DPACKAGE_TARNAME=\"zlecontrolsoftware\" -DPACKAGE_VERSION=\"1.0.0\" -DPACKAGE_STRING=\"ZLEControlSoftware\ 1.0.0\" -DPACKAGE_BUGREPORT=\"support.computing@caen.it\" -DPACKAGE_URL=\"\" -DPACKAGE=\"ZLEControlSoftware\" -DVERSION=\"1.0.0\" -DLINUX=1 -DSTDC_HEADERS=1 -DHAVE_SYS_TYPES_H=1 -DHAVE_SYS_STAT_H=1 -DHAVE_STDLIB_H=1 -DHAVE_STRING_H=1 -DHAVE_MEMORY_H=1 -DHAVE_STRINGS_H=1 -DHAVE_INTTYPES_H=1 -DHAVE_STDINT_H=1 -DHAVE_UNISTD_H=1 -DSTDC_HEADERS=1 -DHAVE_MALLOC_H=1 -DHAVE_STDINT_H=1 -DHAVE_STDLIB_H=1 -DHAVE_STRING_H=1 -DHAVE_SYS_TIME_H=1 -DHAVE_SYS_TIMEB_H=1 -DHAVE_TERMIOS_H=1 -DHAVE_UNISTD_H=1 -DTIME_WITH_SYS_TIME=1 -DHAVE_STDLIB_H=1 -DHAVE_MALLOC=1 -DHAVE_SYS_SELECT_H=1 -DHAVE_SYS_SOCKET_H=1 -DSELECT_TYPE_ARG1=int -DSELECT_TYPE_ARG234=\(fd_set\ \*\) -DSELECT_TYPE_ARG5=\(struct\ timeval\ \*\) -DHAVE_ATEXIT=1 -DHAVE_GETTIMEOFDAY=1 -DHAVE_MEMSET=1 -DHAVE_SELECT=1 -DHAVE_STRSTR=1'
DEPDIR='.deps'
ECHO_C=''
ECHO_N='-n'
ECHO_T=''
EGREP='/usr/bin/grep -E'
EXEEXT=''
GNUPLOT='ok'
GREP='/usr/bin/grep'
HAVE_GNUPLOT='yes'
INSTALL_DATA='${INSTALL} -m 644'
INSTALL_PROGRAM='${INSTALL}'
INSTALL_SCRIPT='${INSTALL}'
INSTALL_STRIP_PROGRAM='$(install_sh) -c -s'
LDFLAGS=''
LIBOBJS=''
LIBS=''
LTLIBOBJS=''
MAKEINFO='${SHELL} /home/mirco/ObjectDumpDPP/CAEN/ZLEControlSoftware-1.0.0/src/missing --run makeinfo'
MKDIR_P='/usr/bin/mkdir -p'
OBJEXT='o'
PACKAGE='ZLEControlSoftware'
PACKAGE_BUGREPORT='support.computing@caen.it'
PACKAGE_NAME='ZLEControlSoftware'
PACKAGE_STRING='ZLEControlSoftware 1.0.0'
PACKAGE_TARNAME='zlecontrolsoftware'
PACKAGE_URL=''
PACKAGE_VERSION='1.0.0'
PATH_SEPARATOR=':'
SET_MAKE=''
SHELL='/bin/sh'
STRIP=''
VERSION='1.0.0'
ac_ct_CC='gcc'
am__EXEEXT_FALSE=''
am__EXEEXT_TRUE='#'
am__fastdepCC_FALSE='#'
am__fastdepCC_TRUE=''
am__include='include'
am__isrc=''
am__leading_dot='.'
am__quote=''
am__tar='${AMTAR} chof - "$$tardir"'
am__untar='${AMTAR} xf -'
bindir='${exec_prefix}/bin'
build_alias=''
datadir='${datarootdir}'
datarootdir='${prefix}/share'
docdir='${datarootdir}/doc/${PACKAGE_TARNAME}'
dvidir='${docdir}'
exec_prefix='${prefix}'
host_alias=''
htmldir='${docdir}'
includedir='${prefix}/include'
infodir='${datarootdir}/info'
install_sh='${SHELL} /home/mirco/ObjectDumpDPP/CAEN/ZLEControlSoftware-1.0.0/src/install-sh'
libdir='${exec_prefix}/lib'
libexecdir='${exec_prefix}/libexec'
localedir='${datarootdir}/locale'
localstatedir='${prefix}/var'
mandir='${datarootdir}/man'
mkdir_p='/usr/bin/mkdir -p'
oldincludedir='/usr/include'
pdfdir='${docdir}'
prefix='/usr/local'
program_transform_name='s,x,x,'
psdir='${docdir}'
sbindir='${exec_prefix}/sbin'
sharedstatedir='${prefix}/com'
sysconfdir='${prefix}/etc'
target_alias=''

## ----------- ##
## confdefs.h. ##
## ----------- ##

/* confdefs.h */
#define PACKAGE_NAME "ZLEControlSoftware"
#define PACKAGE_TARNAME "zlecontrolsoftware"
#define PACKAGE_VERSION "1.0.0"
#define PACKAGE_STRING "ZLEControlSoftware 1.0.0"
#define PACKAGE_BUGREPORT "support.computing@caen.it"
#define PACKAGE_URL ""
#define PACKAGE "ZLEControlSoftware"
#define VERSION "1.0.0"
#define LINUX 1
#define STDC_HEADERS 1
#define HAVE_SYS_TYPES_H 1
#define HAVE_SYS_STAT_H 1
#define HAVE_STDLIB_H 1
#define HAVE_STRING_H 1
#define HAVE_MEMORY_H 1
#define HAVE_STRINGS_H 1
#define HAVE_INTTYPES_H 1
#define HAVE_STDINT_H 1
#define HAVE_UNISTD_H 1
#define STDC_HEADERS 1
#define HAVE_MALLOC_H 1
#define HAVE_STDINT_H 1
#define HAVE_STDLIB_H 1
#define HAVE_STRING_H 1
#define HAVE_SYS_TIME_H 1
#define HAVE_SYS_TIMEB_H 1
#define HAVE_TERMIOS_H 1
#define HAVE_UNISTD_H 1
#define TIME_WITH_SYS_TIME 1
#define HAVE_STDLIB_H 1
#define HAVE_MALLOC 1
#define HAVE_SYS_SELECT_H 1
#define HAVE_SYS_SOCKET_H 1
#define SELECT_TYPE_ARG1 int
#define SELECT_TYPE_ARG234 (fd_set *)
#define SELECT_TYPE_ARG5 (struct timeval *)
#define HAVE_ATEXIT 1
#define HAVE_GETTIMEOFDAY 1
#define HAVE_MEMSET 1
#define HAVE_SELECT 1
#define HAVE_STRSTR 1

configure: exit 0
